c:\users\csipes\downloads\raylib-quickstart-main\raylib-quickstart-main\build\build_files\obj\x64\debug\raylib-quickstart-main\vc143.pdb
c:\users\csipes\downloads\raylib-quickstart-main\raylib-quickstart-main\build\build_files\obj\x64\debug\raylib-quickstart-main\vc143.idb
c:\users\csipes\downloads\raylib-quickstart-main\raylib-quickstart-main\build\build_files\obj\x64\debug\raylib-quickstart-main\scene_camera.obj
c:\users\csipes\downloads\raylib-quickstart-main\raylib-quickstart-main\build\build_files\obj\x64\debug\raylib-quickstart-main\scene.obj
c:\users\csipes\downloads\raylib-quickstart-main\raylib-quickstart-main\build\build_files\obj\x64\debug\raylib-quickstart-main\main.obj
c:\users\csipes\downloads\raylib-quickstart-main\raylib-quickstart-main\build\build_files\obj\x64\debug\raylib-quickstart-main\trig_scene.obj
c:\users\csipes\downloads\raylib-quickstart-main\raylib-quickstart-main\build\build_files\obj\x64\debug\raylib-quickstart-main\polarscene.obj
c:\users\csipes\downloads\raylib-quickstart-main\raylib-quickstart-main\build\build_files\obj\x64\debug\raylib-quickstart-main\vectorscene.obj
c:\users\csipes\downloads\raylib-quickstart-main\raylib-quickstart-main\build\build_files\obj\x64\debug\raylib-quickstart-main\body.obj
c:\users\csipes\downloads\raylib-quickstart-main\raylib-quickstart-main\build\build_files\obj\x64\debug\raylib-quickstart-main\zaworldo.obj
c:\users\csipes\downloads\raylib-quickstart-main\raylib-quickstart-main\build\build_files\obj\x64\debug\raylib-quickstart-main\fireworkscene.obj
c:\users\csipes\downloads\raylib-quickstart-main\raylib-quickstart-main\build\build_files\obj\x64\debug\raylib-quickstart-main\grav.obj
c:\users\csipes\downloads\raylib-quickstart-main\raylib-quickstart-main\build\build_files\obj\x64\debug\raylib-quickstart-main\springscene.obj
c:\users\csipes\downloads\raylib-quickstart-main\raylib-quickstart-main\build\build_files\obj\x64\debug\raylib-quickstart-main\spring.obj
c:\users\csipes\downloads\raylib-quickstart-main\raylib-quickstart-main\build\build_files\obj\x64\debug\raylib-quickstart-main\gui.obj
c:\users\csipes\downloads\raylib-quickstart-main\raylib-quickstart-main\build\build_files\obj\x64\debug\raylib-quickstart-main\raylib-quickstart-main.ilk
c:\users\csipes\downloads\raylib-quickstart-main\raylib-quickstart-main\build\build_files\obj\x64\debug\raylib-quickstart-main\physics.tlog\cl.command.1.tlog
c:\users\csipes\downloads\raylib-quickstart-main\raylib-quickstart-main\build\build_files\obj\x64\debug\raylib-quickstart-main\physics.tlog\cl.items.tlog
c:\users\csipes\downloads\raylib-quickstart-main\raylib-quickstart-main\build\build_files\obj\x64\debug\raylib-quickstart-main\physics.tlog\cl.read.1.tlog
c:\users\csipes\downloads\raylib-quickstart-main\raylib-quickstart-main\build\build_files\obj\x64\debug\raylib-quickstart-main\physics.tlog\cl.write.1.tlog
c:\users\csipes\downloads\raylib-quickstart-main\raylib-quickstart-main\build\build_files\obj\x64\debug\raylib-quickstart-main\physics.tlog\link-cvtres.read.1.tlog
c:\users\csipes\downloads\raylib-quickstart-main\raylib-quickstart-main\build\build_files\obj\x64\debug\raylib-quickstart-main\physics.tlog\link-cvtres.write.1.tlog
c:\users\csipes\downloads\raylib-quickstart-main\raylib-quickstart-main\build\build_files\obj\x64\debug\raylib-quickstart-main\physics.tlog\link-rc.read.1.tlog
c:\users\csipes\downloads\raylib-quickstart-main\raylib-quickstart-main\build\build_files\obj\x64\debug\raylib-quickstart-main\physics.tlog\link-rc.write.1.tlog
c:\users\csipes\downloads\raylib-quickstart-main\raylib-quickstart-main\build\build_files\obj\x64\debug\raylib-quickstart-main\physics.tlog\link.38072-cvtres.read.1.tlog
c:\users\csipes\downloads\raylib-quickstart-main\raylib-quickstart-main\build\build_files\obj\x64\debug\raylib-quickstart-main\physics.tlog\link.38072-cvtres.write.1.tlog
c:\users\csipes\downloads\raylib-quickstart-main\raylib-quickstart-main\build\build_files\obj\x64\debug\raylib-quickstart-main\physics.tlog\link.38072-rc.read.1.tlog
c:\users\csipes\downloads\raylib-quickstart-main\raylib-quickstart-main\build\build_files\obj\x64\debug\raylib-quickstart-main\physics.tlog\link.38072-rc.write.1.tlog
c:\users\csipes\downloads\raylib-quickstart-main\raylib-quickstart-main\build\build_files\obj\x64\debug\raylib-quickstart-main\physics.tlog\link.38072.read.1.tlog
c:\users\csipes\downloads\raylib-quickstart-main\raylib-quickstart-main\build\build_files\obj\x64\debug\raylib-quickstart-main\physics.tlog\link.38072.read.2.tlog
c:\users\csipes\downloads\raylib-quickstart-main\raylib-quickstart-main\build\build_files\obj\x64\debug\raylib-quickstart-main\physics.tlog\link.38072.read.3.tlog
c:\users\csipes\downloads\raylib-quickstart-main\raylib-quickstart-main\build\build_files\obj\x64\debug\raylib-quickstart-main\physics.tlog\link.38072.read.4.tlog
c:\users\csipes\downloads\raylib-quickstart-main\raylib-quickstart-main\build\build_files\obj\x64\debug\raylib-quickstart-main\physics.tlog\link.38072.write.1.tlog
c:\users\csipes\downloads\raylib-quickstart-main\raylib-quickstart-main\build\build_files\obj\x64\debug\raylib-quickstart-main\physics.tlog\link.command.1.tlog
c:\users\csipes\downloads\raylib-quickstart-main\raylib-quickstart-main\build\build_files\obj\x64\debug\raylib-quickstart-main\physics.tlog\link.read.1.tlog
c:\users\csipes\downloads\raylib-quickstart-main\raylib-quickstart-main\build\build_files\obj\x64\debug\raylib-quickstart-main\physics.tlog\link.read.2.tlog
c:\users\csipes\downloads\raylib-quickstart-main\raylib-quickstart-main\build\build_files\obj\x64\debug\raylib-quickstart-main\physics.tlog\link.read.3.tlog
c:\users\csipes\downloads\raylib-quickstart-main\raylib-quickstart-main\build\build_files\obj\x64\debug\raylib-quickstart-main\physics.tlog\link.read.4.tlog
c:\users\csipes\downloads\raylib-quickstart-main\raylib-quickstart-main\build\build_files\obj\x64\debug\raylib-quickstart-main\physics.tlog\link.secondary.1.tlog
c:\users\csipes\downloads\raylib-quickstart-main\raylib-quickstart-main\build\build_files\obj\x64\debug\raylib-quickstart-main\physics.tlog\link.write.1.tlog
